Command: /home/sxc/IC_prj/Route_Distibutor/v4/vfy/./simv -l sim.log
Chronologic VCS simulator copyright 1991-2020
Contains Synopsys proprietary information.
Compiler version Q-2020.03-SP2-7_Full64; Runtime version Q-2020.03-SP2-7_Full64;  Apr 22 06:43 2024
Generated random values:
         20,00001
         19,10111
         18,11000
         17,01111
         16,11011
         15,00110
         14,01101
         13,11111
         12,10011
         11,01001
         10,10001
          9,01011
          8,10100
          7,00000
          6,10000
          5,00101
          4,11110
          3,11100
          2,11010
          1,10010
*Verdi* Loading libsscore_vcs202003.so
FSDB Dumper for VCS, Release Verdi_R-2020.12-SP1, Linux x86_64/64bit, 03/02/2021
(C) 1996 - 2021 by Synopsys, Inc.
*Verdi* FSDB WARNING: The FSDB file already exists. Overwriting the FSDB file may crash the programs that are using this file.
*Verdi* : Create FSDB file 'tb.fsdb'
*Verdi* : Begin traversing the scope (tb), layer (0).
*Verdi* : Enable +all dumping.
*Verdi* : End of traversing.
$finish called from file "../sim/tb_route_distributor.sv", line 45.
$finish at simulation time              2304000
           V C S   S i m u l a t i o n   R e p o r t 
Time: 2304000 ps
CPU Time:      0.190 seconds;       Data structure size:   0.0Mb
Mon Apr 22 06:43:17 2024
